"../../../Engine/Content/Animation/DefaultAnimBoneCompressionSettings.uasset" 0
"../../../../../../Users/alfon/Desktop/DVL_proyect/DVL_PROYECT/Content/Artur_Mugrero/MissFortune/Animaciones/MFFixed/MFFixed_Skeleton.uasset" 1
"../../../../../../Users/alfon/Desktop/DVL_proyect/DVL_PROYECT/Content/Artur_Mugrero/MissFortune/Animaciones/MFFixed/Animaciones/aimidle.uasset" 2
"../../../../../../Users/alfon/Desktop/DVL_proyect/DVL_PROYECT/Content/Artur_Mugrero/MissFortune/Animaciones/MFFixed/Animaciones/Apuntando_Abajo.uasset" 3
"../../../../../../Users/alfon/Desktop/DVL_proyect/DVL_PROYECT/Content/Artur_Mugrero/MissFortune/Animaciones/MFFixed/Animaciones/Apuntando_Abajo_Derecha.uasset" 4
"../../../../../../Users/alfon/Desktop/DVL_proyect/DVL_PROYECT/Content/Artur_Mugrero/MissFortune/Animaciones/MFFixed/Animaciones/Apuntando_Abajo_Izquierda.uasset" 5
"../../../../../../Users/alfon/Desktop/DVL_proyect/DVL_PROYECT/Content/Artur_Mugrero/MissFortune/Animaciones/MFFixed/Animaciones/Apuntando_Arriba.uasset" 6
"../../../../../../Users/alfon/Desktop/DVL_proyect/DVL_PROYECT/Content/Artur_Mugrero/MissFortune/Animaciones/MFFixed/Animaciones/Apuntando_Arriba_Derecha.uasset" 7
"../../../../../../Users/alfon/Desktop/DVL_proyect/DVL_PROYECT/Content/Artur_Mugrero/MissFortune/Animaciones/MFFixed/Animaciones/Apuntando_Arriba_Izquierda.uasset" 8
"../../../../../../Users/alfon/Desktop/DVL_proyect/DVL_PROYECT/Content/Artur_Mugrero/MissFortune/Animaciones/MFFixed/Animaciones/Apuntando_Derecha.uasset" 9
"../../../../../../Users/alfon/Desktop/DVL_proyect/DVL_PROYECT/Content/Artur_Mugrero/MissFortune/Animaciones/MFFixed/Animaciones/Apuntando_Enfrente.uasset" 10
"../../../../../../Users/alfon/Desktop/DVL_proyect/DVL_PROYECT/Content/Artur_Mugrero/MissFortune/Animaciones/MFFixed/Animaciones/Apuntando_Izquierda.uasset" 11
"../../../../../../Users/alfon/Desktop/DVL_proyect/DVL_PROYECT/Content/Artur_Mugrero/MissFortune/Animaciones/MFFixed/Animaciones/Aimed.uasset" 12
"../../../../../../Users/alfon/Desktop/DVL_proyect/DVL_PROYECT/Content/Artur_Mugrero/MissFortune/Animaciones/MFFixed/Animaciones/AnimAgacharse.uasset" 13
"../../../../../../Users/alfon/Desktop/DVL_proyect/DVL_PROYECT/Content/Artur_Mugrero/MissFortune/Animaciones/MFFixed/Animaciones/AnimCaminandoAgachada.uasset" 14
"../../../../../../Users/alfon/Desktop/DVL_proyect/DVL_PROYECT/Content/Artur_Mugrero/MissFortune/Animaciones/MFFixed/Animaciones/AnimDisparo.uasset" 15
"../../../../../../Users/alfon/Desktop/DVL_proyect/DVL_PROYECT/Content/Artur_Mugrero/MissFortune/Animaciones/MFFixed/Animaciones/Idle_Crouching_mixamo_com.uasset" 16
"../../../../../../Users/alfon/Desktop/DVL_proyect/DVL_PROYECT/Content/Artur_Mugrero/MissFortune/Animaciones/MFFixed/Animaciones/MFixed_idle_mixamo_com.uasset" 17
"../../../../../../Users/alfon/Desktop/DVL_proyect/DVL_PROYECT/Content/Artur_Mugrero/MissFortune/Animaciones/MFFixed/Animaciones/MFixedFalling_Idle_mixamo_com.uasset" 18
"../../../../../../Users/alfon/Desktop/DVL_proyect/DVL_PROYECT/Content/Artur_Mugrero/MissFortune/Animaciones/MFFixed/Animaciones/MFixedJump_mixamo_com.uasset" 19
"../../../../../../Users/alfon/Desktop/DVL_proyect/DVL_PROYECT/Content/Artur_Mugrero/MissFortune/Animaciones/MFFixed/Animaciones/MFixedJumping_Down_mixamo_com.uasset" 20
"../../../../../../Users/alfon/Desktop/DVL_proyect/DVL_PROYECT/Content/Artur_Mugrero/MissFortune/Animaciones/MFFixed/Animaciones/MFixed_Running_mixamo_com.uasset" 21
"../../../../../../Users/alfon/Desktop/DVL_proyect/DVL_PROYECT/Content/Artur_Mugrero/MissFortune/Animaciones/MFFixed/Animaciones/MFixed_walking_mixamo_com.uasset" 22
"../../../../../../Users/alfon/Desktop/DVL_proyect/DVL_PROYECT/Content/Artur_Mugrero/MissFortune/Animaciones/MFFixed/Animaciones/Idle_Walking.uasset" 23
"../../../Engine/Content/EditorBlueprintResources/StandardMacros.uasset" 24
"../../../../../../Users/alfon/Desktop/DVL_proyect/DVL_PROYECT/Content/Artur_Mugrero/MissFortune/Animaciones/MFFixed/Animaciones/MissFixeadaAniBlue.uasset" 25
"../../../Engine/Content/EditorBlueprintResources/ActorMacros.uasset" 26
"../../../../../../Users/alfon/Desktop/DVL_proyect/DVL_PROYECT/Content/Artur_Mugrero/MissFortune/Animaciones/MFFixed/MissFortune_Skin01_TX_CM.uasset" 27
"../../../../../../Users/alfon/Desktop/DVL_proyect/DVL_PROYECT/Content/Artur_Mugrero/MissFortune/Animaciones/MFFixed/Cow_Girl_Miss_Fortune_B_DefaultMaterial.uasset" 28
"../../../../../../Users/alfon/Desktop/DVL_proyect/DVL_PROYECT/Content/Artur_Mugrero/MissFortune/Animaciones/MFFixed/Pistola.uasset" 29
"../../../../../../Users/alfon/Desktop/DVL_proyect/DVL_PROYECT/Content/ThirdPersonBP/Blueprints/Bullet.uasset" 30
"../../../../../../Users/alfon/Desktop/DVL_proyect/DVL_PROYECT/Content/Artur_Mugrero/MissFortune/Animaciones/MFFixed/NewPistola_PhysicsAsset.uasset" 31
"../../../../../../Users/alfon/Desktop/DVL_proyect/DVL_PROYECT/Content/Artur_Mugrero/MissFortune/Animaciones/MFFixed/NewPistola_Skeleton.uasset" 32
"../../../../../../Users/alfon/Desktop/DVL_proyect/DVL_PROYECT/Content/Artur_Mugrero/MissFortune/Animaciones/MFFixed/NewPistola.uasset" 33
"../../../../../../Users/alfon/Desktop/DVL_proyect/DVL_PROYECT/Content/ThirdPersonBP/Blueprints/Gun.uasset" 34
"../../../../../../Users/alfon/Desktop/DVL_proyect/DVL_PROYECT/Content/Mannequin/Character/Mesh/UE4_Mannequin_Skeleton.uasset" 35
"../../../../../../Users/alfon/Desktop/DVL_proyect/DVL_PROYECT/Content/Mannequin/Animations/ThirdPerson_Jump.uasset" 36
"../../../../../../Users/alfon/Desktop/DVL_proyect/DVL_PROYECT/Content/Mannequin/Animations/ThirdPersonJump_Loop.uasset" 37
"../../../../../../Users/alfon/Desktop/DVL_proyect/DVL_PROYECT/Content/Mannequin/Animations/ThirdPersonJump_Start.uasset" 38
"../../../../../../Users/alfon/Desktop/DVL_proyect/DVL_PROYECT/Content/Mannequin/Animations/ThirdPersonIdle.uasset" 39
"../../../../../../Users/alfon/Desktop/DVL_proyect/DVL_PROYECT/Content/Mannequin/Animations/ThirdPersonRun.uasset" 40
"../../../../../../Users/alfon/Desktop/DVL_proyect/DVL_PROYECT/Content/Mannequin/Animations/ThirdPersonWalk.uasset" 41
"../../../../../../Users/alfon/Desktop/DVL_proyect/DVL_PROYECT/Content/Mannequin/Animations/ThirdPerson_IdleRun_2D.uasset" 42
"../../../../../../Users/alfon/Desktop/DVL_proyect/DVL_PROYECT/Content/Mannequin/Animations/ThirdPerson_AnimBP.uasset" 43
"../../../../../../Users/alfon/Desktop/DVL_proyect/DVL_PROYECT/Content/Artur_Mugrero/bored.uasset" 44
"../../../../../../Users/alfon/Desktop/DVL_proyect/DVL_PROYECT/Content/Artur_Mugrero/Health.uasset" 45
"../../../Engine/Content/Functions/Engine_MaterialFunctions02/Utility/BlendAngleCorrectedNormals.uasset" 46
"../../../Engine/Content/Functions/MaterialLayerFunctions/MatLayerBlend_NormalBlend.uasset" 47
"../../../Engine/Content/Functions/MaterialLayerFunctions/MatLayerBlend_Simple.uasset" 48
"../../../../../../Users/alfon/Desktop/DVL_proyect/DVL_PROYECT/Content/Mannequin/Character/Materials/MaterialLayers/T_ML_Rubber_Blue_01_D.uasset" 49
"../../../../../../Users/alfon/Desktop/DVL_proyect/DVL_PROYECT/Content/Mannequin/Character/Materials/MaterialLayers/T_ML_Rubber_Blue_01_N.uasset" 50
"../../../../../../Users/alfon/Desktop/DVL_proyect/DVL_PROYECT/Content/Mannequin/Character/Materials/MaterialLayers/ML_GlossyBlack_Latex_UE4.uasset" 51
"../../../../../../Users/alfon/Desktop/DVL_proyect/DVL_PROYECT/Content/Mannequin/Character/Materials/MaterialLayers/ML_Plastic_Shiny_Beige.uasset" 52
"../../../../../../Users/alfon/Desktop/DVL_proyect/DVL_PROYECT/Content/Mannequin/Character/Textures/UE4_LOGO_CARD.uasset" 53
"../../../../../../Users/alfon/Desktop/DVL_proyect/DVL_PROYECT/Content/Mannequin/Character/Materials/MaterialLayers/ML_Plastic_Shiny_Beige_LOGO.uasset" 54
"../../../../../../Users/alfon/Desktop/DVL_proyect/DVL_PROYECT/Content/Mannequin/Character/Materials/MaterialLayers/T_ML_Aluminum01.uasset" 55
"../../../../../../Users/alfon/Desktop/DVL_proyect/DVL_PROYECT/Content/Mannequin/Character/Materials/MaterialLayers/T_ML_Aluminum01_N.uasset" 56
"../../../../../../Users/alfon/Desktop/DVL_proyect/DVL_PROYECT/Content/Mannequin/Character/Materials/MaterialLayers/ML_SoftMetal_UE4.uasset" 57
"../../../../../../Users/alfon/Desktop/DVL_proyect/DVL_PROYECT/Content/Mannequin/Character/Textures/UE4_Mannequin__normals.uasset" 58
"../../../../../../Users/alfon/Desktop/DVL_proyect/DVL_PROYECT/Content/Mannequin/Character/Textures/UE4_Mannequin_MAT_MASKA.uasset" 59
"../../../../../../Users/alfon/Desktop/DVL_proyect/DVL_PROYECT/Content/Mannequin/Character/Materials/M_UE4Man_Body.uasset" 60
"../../../../../../Users/alfon/Desktop/DVL_proyect/DVL_PROYECT/Content/Mannequin/Character/Textures/UE4Man_Logo_N.uasset" 61
"../../../../../../Users/alfon/Desktop/DVL_proyect/DVL_PROYECT/Content/Mannequin/Character/Materials/M_UE4Man_ChestLogo.uasset" 62
"../../../../../../Users/alfon/Desktop/DVL_proyect/DVL_PROYECT/Content/Mannequin/Character/Mesh/SK_Mannequin_PhysicsAsset.uasset" 63
"../../../../../../Users/alfon/Desktop/DVL_proyect/DVL_PROYECT/Content/Mannequin/Character/Mesh/SK_Mannequin.uasset" 64
"../../../../../../Users/alfon/Desktop/DVL_proyect/DVL_PROYECT/Content/ThirdPersonBP/Blueprints/ThirdPersonCharacter.uasset" 65
"../../../../../../Users/alfon/Desktop/DVL_proyect/DVL_PROYECT/Content/Artur_Mugrero/MissFortune/Animaciones/MFFixed/Cow_Girl_Miss_Fortune_B_DefaultMaterialmat.uasset" 66
"../../../../../../Users/alfon/Desktop/DVL_proyect/DVL_PROYECT/Content/Artur_Mugrero/MissFortune/Animaciones/MFFixed/MFFixed_Physics.uasset" 67
"../../../../../../Users/alfon/Desktop/DVL_proyect/DVL_PROYECT/Content/Artur_Mugrero/MissFortune/Animaciones/MFFixed/MFFixed.uasset" 68
"../../../../../../Users/alfon/Desktop/DVL_proyect/DVL_PROYECT/Content/ThirdPersonBP/Blueprints/MissAtajo.uasset" 69
"../../../../../../Users/alfon/Desktop/DVL_proyect/DVL_PROYECT/Content/ThirdPersonBP/Blueprints/ThirdPersonGameMode.uasset" 70
"../../../Engine/Content/Animation/DefaultAnimCurveCompressionSettings.uasset" 71
"../../../Engine/Content/Functions/Engine_MaterialFunctions01/Opacity/CameraDepthFade.uasset" 72
"../../../Engine/Content/EngineMaterials/T_Default_Material_Grid_M.uasset" 73
"../../../Engine/Content/EngineMaterials/T_Default_Material_Grid_N.uasset" 74
"../../../Engine/Content/EngineMaterials/WorldGridMaterial.uasset" 75
"../../../Engine/Content/ArtTools/RenderToTexture/Meshes/S_1_Unit_Plane.uasset" 76
"../../../Engine/Content/EngineMaterials/DefaultMaterial.uasset" 77
"../../../Engine/Content/BasicShapes/Cone.uasset" 78
"../../../Engine/Content/BasicShapes/Cylinder.uasset" 79
"../../../Engine/Content/BasicShapes/Plane.uasset" 80
"../../../Engine/Content/EditorLandscapeResources/DataLayer.uasset" 81
"../../../Engine/Content/EditorMaterials/MAT_Groups_Toggle.uasset" 82
"../../../Engine/Content/EditorMaterials/MAT_Groups_Visibility.uasset" 83
"../../../Engine/Content/EditorMaterials/PreviewShadowIndicator.uasset" 84
"../../../Engine/Content/EditorMaterials/PreviewShadowIndicatorMaterial.uasset" 85
"../../../Engine/Content/EditorMaterials/MatineeGroups/MAT_ColorTrack.uasset" 86
"../../../Engine/Content/EditorMaterials/MatineeGroups/MAT_Groups_Anim.uasset" 87
"../../../Engine/Content/EditorMaterials/MatineeGroups/MAT_Groups_AudioMaster.uasset" 88
"../../../Engine/Content/EditorMaterials/MatineeGroups/MAT_Groups_Director.uasset" 89
"../../../Engine/Content/EditorMaterials/MatineeGroups/MAT_Groups_Event.uasset" 90
"../../../Engine/Content/EditorMaterials/MatineeGroups/MAT_Groups_Fade.uasset" 91
"../../../Engine/Content/EditorMaterials/MatineeGroups/MAT_Groups_Float.uasset" 92
"../../../Engine/Content/EditorMaterials/MatineeGroups/MAT_Groups_Move.uasset" 93
"../../../Engine/Content/EditorMaterials/MatineeGroups/MAT_Groups_Slomo.uasset" 94
"../../../Engine/Content/EditorMaterials/MatineeGroups/MAT_Groups_Sound.uasset" 95
"../../../Engine/Content/EditorMaterials/MatineeGroups/MAT_Groups_Vector.uasset" 96
"../../../Engine/Content/EditorMaterials/ParticleSystems/PSysThumbnail_NoImage.uasset" 97
"../../../Engine/Content/EditorMaterials/ParticleSystems/PSysThumbnail_OOD.uasset" 98
"../../../Engine/Content/EditorMaterials/Camera/CineMat.uasset" 99
"../../../Engine/Content/EditorMaterials/Camera/MI_CineMat_Rig.uasset" 100
"../../../Engine/Content/EditorMeshes/Camera/SM_CraneRig_Arm.uasset" 101
"../../../Engine/Content/EditorMeshes/Camera/SM_CraneRig_Base.uasset" 102
"../../../Engine/Content/EditorMeshes/Camera/SM_CraneRig_Body.uasset" 103
"../../../Engine/Content/EditorMeshes/Camera/SM_CraneRig_Mount.uasset" 104
"../../../Engine/Content/EditorMeshes/Camera/SM_RailRig_Mount.uasset" 105
"../../../Engine/Content/EditorMeshes/Camera/SM_RailRig_Track.uasset" 106
"../../../Engine/Content/EditorResources/BSPVertex.uasset" 107
"../../../Engine/Content/EditorResources/EmptyActor.uasset" 108
"../../../Engine/Content/EditorResources/S_Actor.uasset" 109
"../../../Engine/Content/EditorResources/S_Note.uasset" 110
"../../../Engine/Content/EditorResources/S_Solver.uasset" 111
"../../../Engine/Content/EditorResources/S_Trigger.uasset" 112
"../../../Engine/Content/EditorResources/LightIcons/S_LightError.uasset" 113
"../../../Engine/Content/EditorResources/SequenceRecorder/Countdown.uasset" 114
"../../../Engine/Content/EditorResources/SequenceRecorder/RecordingIndicator.uasset" 115
"../../../Engine/Content/EditorSounds/Notifications/CompileFailed.uasset" 116
"../../../Engine/Content/EditorSounds/Notifications/CompileFailed_Cue.uasset" 117
"../../../Engine/Content/EditorSounds/Notifications/CompileSuccess.uasset" 118
"../../../Engine/Content/EditorSounds/Notifications/CompileStart_Cue.uasset" 119
"../../../Engine/Content/EditorSounds/Notifications/CompileSuccess_Cue.uasset" 120
"../../../Engine/Content/EngineDamageTypes/DmgTypeBP_Environmental.uasset" 121
"../../../Engine/Content/EngineDebugMaterials/DebugEditorMaterial.uasset" 122
"../../../Engine/Content/EngineDebugMaterials/DebugMeshMaterial.uasset" 123
"../../../Engine/Content/EngineDebugMaterials/M_SimpleUnlitTranslucent.uasset" 124
"../../../Engine/Content/Functions/Engine_MaterialFunctions02/Utility/CameraDirectionVector.uasset" 125
"../../../Engine/Content/EngineDebugMaterials/VolumeToRender.uasset" 126
"../../../Engine/Content/EngineDebugMaterials/M_VolumeRenderSphereTracePP.uasset" 127
"../../../Engine/Content/EngineDebugMaterials/WireframeMaterial.uasset" 128
"../../../Engine/Content/EngineFonts/Faces/DroidSansFallback.uasset" 129
"../../../Engine/Content/EngineFonts/Faces/RobotoBold.uasset" 130
"../../../Engine/Content/EngineFonts/Faces/RobotoBoldItalic.uasset" 131
"../../../Engine/Content/EngineFonts/Faces/RobotoItalic.uasset" 132
"../../../Engine/Content/EngineFonts/Faces/RobotoLight.uasset" 133
"../../../Engine/Content/EngineFonts/Faces/RobotoRegular.uasset" 134
"../../../Engine/Content/EngineFonts/Roboto.uasset" 135
"../../../Engine/Content/EngineMaterials/BaseFlattenDiffuseMap.uasset" 136
"../../../Engine/Content/EngineMaterials/BaseFlattenEmissiveMap.uasset" 137
"../../../Engine/Content/EngineMaterials/BaseFlattenGrayscaleMap.uasset" 138
"../../../Engine/Content/EngineMaterials/BaseFlattenNormalMap.uasset" 139
"../../../Engine/Content/EngineMaterials/BaseFlattenMaterial.uasset" 140
"../../../Engine/Content/EngineMaterials/BlueNoise.uasset" 141
"../../../Engine/Content/EngineMaterials/DefaultBloomKernel.uasset" 142
"../../../Engine/Content/EngineMaterials/DefaultBokeh.uasset" 143
"../../../Engine/Content/EngineMaterials/DefaultDiffuse.uasset" 144
"../../../Engine/Content/EngineMaterials/DefaultDeferredDecalMaterial.uasset" 145
"../../../Engine/Content/EngineMaterials/DefaultLightFunctionMaterial.uasset" 146
"../../../Engine/Content/EngineMaterials/DefaultPhysicalMaterial.uasset" 147
"../../../Engine/Content/Functions/Engine_MaterialFunctions02/Utility/BreakOutFloat2Components.uasset" 148
"../../../Engine/Content/EngineMaterials/DefaultPostProcessMaterial.uasset" 149
"../../../Engine/Content/EngineFonts/RobotoDistanceField.uasset" 150
"../../../Engine/Content/EngineMaterials/DefaultTextMaterialOpaque.uasset" 151
"../../../Engine/Content/EngineMaterials/DefaultWhiteGrid.uasset" 152
"../../../Engine/Content/EngineMaterials/DefaultWhiteGrid_Low.uasset" 153
"../../../Engine/Content/EngineMaterials/EmissiveMeshMaterial.uasset" 154
"../../../Engine/Content/EngineMaterials/GizmoMaterial.uasset" 155
"../../../Engine/Content/EngineMaterials/Good64x64TilingNoiseHighFreq.uasset" 156
"../../../Engine/Content/EngineMaterials/MiniFont.uasset" 157
"../../../Engine/Content/EngineMaterials/InvalidLightmapSettings.uasset" 158
"../../../Engine/Content/EngineMaterials/M_InvalidLightmapSettings.uasset" 159
"../../../Engine/Content/Functions/Engine_MaterialFunctions02/WorldPositionOffset/CameraOffset.uasset" 160
"../../../Engine/Content/EngineMaterials/PhAT_JointLimitMaterial.uasset" 161
"../../../Engine/Content/EngineMaterials/PreintegratedSkinBRDF.uasset" 162
"../../../Engine/Content/EngineMaterials/RemoveSurfaceMaterial.uasset" 163
"../../../Engine/Content/EngineMaterials/WeightMapPlaceholderTexture.uasset" 164
"../../../Engine/Content/EngineResources/WhiteSquareTexture.uasset" 165
"../../../Engine/Content/EngineMaterials/Widget3DPassThrough.uasset" 166
"../../../Engine/Content/EngineMaterials/Widget3DPassThrough_Masked.uasset" 167
"../../../Engine/Content/EngineMaterials/Widget3DPassThrough_Opaque.uasset" 168
"../../../Engine/Content/EngineMaterials/Widget3DPassThrough_Masked_OneSided.uasset" 169
"../../../Engine/Content/EngineMaterials/Widget3DPassThrough_Opaque_OneSided.uasset" 170
"../../../Engine/Content/EngineMaterials/Widget3DPassThrough_Translucent.uasset" 171
"../../../Engine/Content/EngineMaterials/Widget3DPassThrough_Translucent_OneSided.uasset" 172
"../../../Engine/Content/EngineMeshes/Cylinder.uasset" 173
"../../../Engine/Content/EngineMeshes/Sphere.uasset" 174
"../../../Engine/Content/EngineResources/Black.uasset" 175
"../../../Engine/Content/EngineResources/DefaultTexture.uasset" 176
"../../../Engine/Content/EngineResources/DefaultTextureCube.uasset" 177
"../../../Engine/Content/EngineResources/DefaultVolumeTexture2D.uasset" 178
"../../../Engine/Content/EngineResources/DefaultVolumeTexture.uasset" 179
"../../../Engine/Content/EngineResources/GradientTexture0.uasset" 180
"../../../Engine/Content/EngineSounds/Master.uasset" 181
"../../../Engine/Content/Functions/Engine_MaterialFunctions01/Shading/ConvertFromDiffSpec.uasset" 182
"../../../Engine/Content/Functions/Engine_MaterialFunctions01/Shading/PowerToRoughness.uasset" 183
"../../../Engine/Content/Maps/Templates/Thumbnails/Default.uasset" 184
"../../../Engine/Content/Maps/Templates/Thumbnails/TimeOfDay.uasset" 185
"../../../Engine/Content/Maps/Templates/Thumbnails/VR-Basic.uasset" 186
"../../../Engine/Content/MobileResources/T_MobileControls_texture.uasset" 187
"../../../Engine/Content/MobileResources/T_MobileMenu2.uasset" 188
"../../../Engine/Content/MobileResources/HUD/AnalogHat.uasset" 189
"../../../Engine/Content/MobileResources/HUD/VirtualJoystick_Background.uasset" 190
"../../../Engine/Content/MobileResources/HUD/VirtualJoystick_Thumb.uasset" 191
"../../../Engine/Content/MobileResources/HUD/DefaultVirtualJoysticks.uasset" 192
"../../../Engine/Content/MobileResources/HUD/LeftVirtualJoystickOnly.uasset" 193
"../../../Engine/Content/MobileResources/HUD/MobileHUDButton1_off.uasset" 194
"../../../Engine/Content/MobileResources/HUD/MobileHUDButton1_on.uasset" 195
"../../../Engine/Content/MobileResources/HUD/MobileHUDButton2_off.uasset" 196
"../../../Engine/Content/MobileResources/HUD/MobileHUDButton2_on.uasset" 197
"../../../Engine/Content/MobileResources/HUD/MobileHUDButton3.uasset" 198
"../../../Engine/Content/MobileResources/HUD/MobileHUDButtonFire.uasset" 199
"../../../Engine/Content/MobileResources/HUD/MobileHUDDirectionPad.uasset" 200
"../../../Engine/Content/MobileResources/HUD/MobileHUDDirectionPad2.uasset" 201
"../../../Engine/Content/MobileResources/HUD/MobileHUDDirectionPad3.uasset" 202
"../../../Engine/Content/MobileResources/HUD/MobileHUDDirectionStick.uasset" 203
"../../../Engine/Content/MobileResources/HUD/T_Castle_ThumbstickInner.uasset" 204
"../../../Engine/Content/MobileResources/HUD/T_Castle_ThumbstickOutter.uasset" 205
"../../../Engine/Content/Tutorial/ContentIntroCurve.uasset" 206
"../../../Engine/Content/Tutorial/Basics/LevelEditorAttract.uasset" 207
"../../../Engine/Content/Tutorial/Basics/TutorialAssets/icon_tab_Levels_40x.uasset" 208
"../../../Engine/Content/Tutorial/Basics/LevelEditorOverview.uasset" 209
"../../../Engine/Content/Tutorial/BlueprintTutorials/TutorialAssets/Blueprint_64x.uasset" 210
"../../../Engine/Content/Tutorial/BlueprintTutorials/BlueprintEditorTutorial.uasset" 211
"../../../Engine/Content/VREditor/LaserPointer/VR_LaserPower_01.uasset" 212
"../../../Engine/Content/VREditor/TransformGizmo/TransformGizmoMaterial.uasset" 213
"../../../Engine/Content/VREditor/TransformGizmo/TranslucentTransformGizmoMaterial.uasset" 214
"../../../Engine/Content/VREditor/TransformGizmo/BoundingBoxCorner.uasset" 215
"../../../Engine/Content/VREditor/TransformGizmo/BoundingBoxEdge.uasset" 216
"../../../Engine/Content/VREditor/TransformGizmo/PlaneTranslationHandle.uasset" 217
"../../../Engine/Content/VREditor/TransformGizmo/Main.uasset" 218
"../../../Engine/Content/VREditor/TransformGizmo/Xray.uasset" 219
"../../../Engine/Content/VREditor/TransformGizmo/SM_Sequencer_Key.uasset" 220
"../../../Engine/Content/VREditor/TransformGizmo/SM_Sequencer_Node.uasset" 221
"../../Plugins/2D/Paper2D/Content/PlaceholderTextures/DummySpriteTexture.uasset" 222
"../../Plugins/2D/Paper2D/Content/DummySprite.uasset" 223
"../../Plugins/2D/Paper2D/Content/DefaultPaperTerrainMaterial.uasset" 224
"../../Plugins/2D/Paper2D/Content/DefaultSpriteMaterial.uasset" 225
"../../Plugins/2D/Paper2D/Content/MaskedUnlitSpriteMaterial.uasset" 226
"../../Plugins/2D/Paper2D/Content/OpaqueUnlitSpriteMaterial.uasset" 227
"../../Plugins/FX/Niagara/Content/Enums/ENiagaraBooleanLogicOps.uasset" 228
"../../Plugins/FX/Niagara/Content/Enums/ENiagaraCoordinateSpace.uasset" 229
"../../Plugins/FX/Niagara/Content/Enums/ENiagaraExpansionMode.uasset" 230
"../../Plugins/FX/Niagara/Content/Enums/ENiagaraOrientationAxis.uasset" 231
"../../Plugins/FX/Niagara/Content/Enums/ENiagaraRandomnessMode.uasset" 232
"../../../Engine/Content/Functions/Engine_MaterialFunctions02/Utility/BreakOutFloat4Components.uasset" 233
"../../../Engine/Content/Functions/Engine_MaterialFunctions02/Utility/MakeFloat2.uasset" 234
"../../../Engine/Content/Functions/Engine_MaterialFunctions02/Utility/MakeFloat3.uasset" 235
"../../Plugins/Runtime/Oculus/OculusVR/Content/Materials/OculusMR_ChromaKey.uasset" 236
"../../Plugins/Runtime/Oculus/OculusVR/Content/Materials/OculusMR_ChromaKey_Lit.uasset" 237
"../../Plugins/Runtime/Oculus/OculusVR/Content/Materials/OculusMR_OpaqueColoredMaterial.uasset" 238
"../../Plugins/Runtime/Oculus/OculusVR/Content/Materials/OculusMR_WhiteMaterial.uasset" 239
"../../../Engine/Content/EngineSky/C_Sky_Cloud_Color.uasset" 240
"../../../Engine/Content/EngineSky/C_Sky_Horizon_Color.uasset" 241
"../../../Engine/Content/EngineSky/C_Sky_Zenith_Color.uasset" 242
"../../../Engine/Content/EngineSky/T_Sky_Blue.uasset" 243
"../../../Engine/Content/EngineSky/T_Sky_Clouds_M.uasset" 244
"../../../Engine/Content/EngineSky/T_Sky_Stars.uasset" 245
"../../../Engine/Content/EngineSky/M_Sky_Panning_Clouds2.uasset" 246
"../../../Engine/Content/EngineSky/SM_SkySphere.uasset" 247
"../../../Engine/Content/EngineSky/BP_Sky_Sphere.uasset" 248
"../../../../../../Users/alfon/Desktop/DVL_proyect/DVL_PROYECT/Content/Blueprints/Lobby/PlayerInformation.uasset" 249
"../../../../../../Users/alfon/Desktop/DVL_proyect/DVL_PROYECT/Content/Blueprints/PlayerSave.uasset" 250
"../../../../../../Users/alfon/Desktop/DVL_proyect/DVL_PROYECT/Content/ThirdPersonBP/Blueprints/Evelynn_Skin05_TX_CM_SKINS_Evelynn_Skin05.uasset" 251
"../../../../../../Users/alfon/Desktop/DVL_proyect/DVL_PROYECT/Content/ThirdPersonBP/Blueprints/02___Default.uasset" 252
"../../../../../../Users/alfon/Desktop/DVL_proyect/DVL_PROYECT/Content/ThirdPersonBP/Blueprints/Evelyn_PhysicsAsset.uasset" 253
"../../../../../../Users/alfon/Desktop/DVL_proyect/DVL_PROYECT/Content/ThirdPersonBP/Blueprints/Evelyn_Skeleton.uasset" 254
"../../../../../../Users/alfon/Desktop/DVL_proyect/DVL_PROYECT/Content/ThirdPersonBP/Blueprints/Evelyn.uasset" 255
"../../../../../../Users/alfon/Desktop/DVL_proyect/DVL_PROYECT/Content/ThirdPersonBP/Blueprints/EvelynPersonaje.uasset" 256
"../../../../../../Users/alfon/Desktop/DVL_proyect/DVL_PROYECT/Content/ThirdPersonBP/Blueprints/Main_Menu/Western_Bang_Bang.uasset" 257
"../../../../../../Users/alfon/Desktop/DVL_proyect/DVL_PROYECT/Content/ThirdPersonBP/Blueprints/Main_Menu/Western_Bang_Bang_Font.uasset" 258
"../../../../../../Users/alfon/Desktop/DVL_proyect/DVL_PROYECT/Content/ThirdPersonBP/Blueprints/Main_Menu/chains.uasset" 259
"../../../../../../Users/alfon/Desktop/DVL_proyect/DVL_PROYECT/Content/ThirdPersonBP/Blueprints/Main_Menu/Tablon_Menu.uasset" 260
"../../../../../../Users/alfon/Desktop/DVL_proyect/DVL_PROYECT/Content/ThirdPersonBP/Blueprints/Main_Menu/Create_Lobby.uasset" 261
"../../../../../../Users/alfon/Desktop/DVL_proyect/DVL_PROYECT/Content/ThirdPersonBP/Blueprints/Main_Menu/ErrorWindow.uasset" 262
"../../../../../../Users/alfon/Desktop/DVL_proyect/DVL_PROYECT/Content/Blueprints/host_back_ground.uasset" 263
"../../../../../../Users/alfon/Desktop/DVL_proyect/DVL_PROYECT/Content/ThirdPersonBP/Blueprints/Main_Menu/HostGame.uasset" 264
"../../../../../../Users/alfon/Desktop/DVL_proyect/DVL_PROYECT/Content/ThirdPersonBP/Blueprints/Main_Menu/LoadingMenu.uasset" 265
"../../../../../../Users/alfon/Desktop/DVL_proyect/DVL_PROYECT/Content/Blueprints/Lobby/Kermit_cowboy_Background.uasset" 266
"../../../../../../Users/alfon/Desktop/DVL_proyect/DVL_PROYECT/Content/ThirdPersonBP/Blueprints/Main_Menu/Miss_F.uasset" 267
"../../../../../../Users/alfon/Desktop/DVL_proyect/DVL_PROYECT/Content/ThirdPersonBP/Blueprints/Main_Menu/OptionsMenu.uasset" 268
"../../../../../../Users/alfon/Desktop/DVL_proyect/DVL_PROYECT/Content/ThirdPersonBP/Blueprints/Main_Menu/MainMenu.uasset" 269
"../../../../../../Users/alfon/Desktop/DVL_proyect/DVL_PROYECT/Content/ThirdPersonBP/Blueprints/Main_Menu/Salon.uasset" 270
"../../../../../../Users/alfon/Desktop/DVL_proyect/DVL_PROYECT/Content/ThirdPersonBP/Blueprints/Main_Menu/ServerMenu.uasset" 271
"../../../../../../Users/alfon/Desktop/DVL_proyect/DVL_PROYECT/Content/Blueprints/SteamGameInstance.uasset" 272
"../../../../../../Users/alfon/Desktop/DVL_proyect/DVL_PROYECT/Content/Blueprints/BPI_GameInstance.uasset" 273
"../../../../../../Users/alfon/Desktop/DVL_proyect/DVL_PROYECT/Content/Blueprints/Gameplay/BPI_GameplayGM.uasset" 274
"../../../../../../Users/alfon/Desktop/DVL_proyect/DVL_PROYECT/Content/Blueprints/Gameplay/BPI_GameplayPC.uasset" 275
"../../../../../../Users/alfon/Desktop/DVL_proyect/DVL_PROYECT/Content/Blueprints/Lobby/BPI_LobbyGM.uasset" 276
"../../../../../../Users/alfon/Desktop/DVL_proyect/DVL_PROYECT/Content/Blueprints/Lobby/BPI_LobbyPC.uasset" 277
"../../../../../../Users/alfon/Desktop/DVL_proyect/DVL_PROYECT/Content/Blueprints/Lobby/BP_LobbyGameMode.uasset" 278
"../../../../../../Users/alfon/Desktop/DVL_proyect/DVL_PROYECT/Content/Blueprints/Lobby/Evelyn_loading.uasset" 279
"../../../../../../Users/alfon/Desktop/DVL_proyect/DVL_PROYECT/Content/Blueprints/Lobby/manequi.uasset" 280
"../../../../../../Users/alfon/Desktop/DVL_proyect/DVL_PROYECT/Content/ThirdPersonBP/Blueprints/Main_Menu/Bandido.uasset" 281
"../../../../../../Users/alfon/Desktop/DVL_proyect/DVL_PROYECT/Content/Blueprints/Lobby/CharacterSelect.uasset" 282
"../../../../../../Users/alfon/Desktop/DVL_proyect/DVL_PROYECT/Content/Blueprints/Lobby/ConnectedPlayer.uasset" 283
"../../../../../../Users/alfon/Desktop/DVL_proyect/DVL_PROYECT/Content/Blueprints/Lobby/kermit_house.uasset" 284
"../../../../../../Users/alfon/Desktop/DVL_proyect/DVL_PROYECT/Content/Blueprints/Lobby/PlayerButton.uasset" 285
"../../../../../../Users/alfon/Desktop/DVL_proyect/DVL_PROYECT/Content/Blueprints/Lobby/WesternTownpicture.uasset" 286
"../../../../../../Users/alfon/Desktop/DVL_proyect/DVL_PROYECT/Content/Blueprints/Lobby/GammeSettings.uasset" 287
"../../../../../../Users/alfon/Desktop/DVL_proyect/DVL_PROYECT/Content/Blueprints/Lobby/LobbyMenu.uasset" 288
"../../../../../../Users/alfon/Desktop/DVL_proyect/DVL_PROYECT/Content/ThirdPersonBP/Blueprints/Main_Menu/loadingScreen.uasset" 289
"../../../../../../Users/alfon/Desktop/DVL_proyect/DVL_PROYECT/Content/Blueprints/Lobby/BP_LobbyPC.uasset" 290
"../../../../../../Users/alfon/Desktop/DVL_proyect/DVL_PROYECT/Content/ThirdPersonBP/Blueprints/Main_Menu/ChatText.uasset" 291
"../../../../../../Users/alfon/Desktop/DVL_proyect/DVL_PROYECT/Content/Blueprints/Lobby/ChatWindow.uasset" 292
"../../../../../../Users/alfon/Desktop/DVL_proyect/DVL_PROYECT/Content/ThirdPersonBP/Blueprints/Main_Menu/ChatGameplay.uasset" 293
"../../../../../../Users/alfon/Desktop/DVL_proyect/DVL_PROYECT/Content/Blueprints/Gameplay/BP_GameplayPC.uasset" 294
"../../../../../../Users/alfon/Desktop/DVL_proyect/DVL_PROYECT/Content/Blueprints/Gameplay/BP_GameplayGameMode.uasset" 295
"../../../../../../Users/alfon/Desktop/DVL_proyect/DVL_PROYECT/Content/Maps/Level01_BuiltData.uasset" 296
"../../../../../../Users/alfon/Desktop/DVL_proyect/DVL_PROYECT/Content/Blueprints/Lobby/WesternTownpicture_Mat.uasset" 297
"../../../Engine/Content/BasicShapes/Cube.uasset" 298
"../../../Engine/Content/BasicShapes/Sphere.uasset" 299
"../../../Engine/Content/MapTemplates/SM_Template_Map_Floor.uasset" 300
"../../../../../../Users/alfon/Desktop/DVL_proyect/DVL_PROYECT/Content/Maps/Level01.umap" 301
"../../../../../../Users/alfon/Desktop/DVL_proyect/DVL_PROYECT/Content/Maps/Level02_BuiltData.uasset" 302
"../../../../../../Users/alfon/Desktop/DVL_proyect/DVL_PROYECT/Content/Blueprints/Lobby/kermit_house_Mat.uasset" 303
"../../../../../../Users/alfon/Desktop/DVL_proyect/DVL_PROYECT/Content/Maps/Level02.umap" 304
"../../../../../../Users/alfon/Desktop/DVL_proyect/DVL_PROYECT/Content/Blueprints/Lobby/BP_MainMenuController.uasset" 305
"../../../../../../Users/alfon/Desktop/DVL_proyect/DVL_PROYECT/Content/Blueprints/MainMenuGameMode.uasset" 306
"../../../../../../Users/alfon/Desktop/DVL_proyect/DVL_PROYECT/Content/Maps/MainMenu.umap" 307
"../../../../../../Users/alfon/Desktop/DVL_proyect/DVL_PROYECT/Content/Maps/TravelMap.umap" 308
